2022-05-02 01:05:232 INFO  TopNaviPage:79 - Waited and clicked on the element: Login or register
2022-05-02 01:05:358 INFO  TopNaviPage:81 - Waited for element on AccountLoginPage
2022-05-02 01:05:553 INFO  AccountLoginPage:144 - Waited and verify element is Displayed: I AM A NEW CUSTOMER.
2022-05-02 01:05:716 INFO  AccountLoginPage:134 - Waited and verify element is Displayed: I am a new customer.
2022-05-02 01:05:866 INFO  AccountLoginPage:70 - Sent data to the element: datastudioplace
2022-05-02 01:05:878 INFO  AccountLoginPage:75 - Sent data to the element: Manchester1
2022-05-02 01:05:483 INFO  AccountLoginPage:79 - Waited and clicked on the element...
2022-05-02 01:05:585 INFO  AccountLoginPage:81 - Returning to new AccountPage.welcomeBackTxt
2022-05-02 01:05:904 INFO  AccountPage:101 - The element is Displayed as: <Welcome back firstnames>
2022-05-02 01:05:748 INFO  AccountPage:118 - Waited and clicked on the element...
2022-05-02 01:05:752 INFO  AccountPage:119 - return new AccountEditPage.... 
2022-05-02 01:05:665 INFO  AccountEditPage:100 - Sent data to the element: firstnames
2022-05-02 01:05:387 INFO  AccountEditPage:102 - Sent data to the element: loginnames
2022-05-02 01:05:430 INFO  AccountEditPage:55 - Successfully Sent the following keys: '1651425984431@gmail.com' to element: <[[ChromeDriver: chrome on WINDOWS (ee06b0c0106f278b6f61a1529a398c64)] -> id: AccountFrm_email]>
2022-05-02 01:05:163 INFO  AccountEditPage:104 - Sent generated Email to the element...
2022-05-02 01:05:658 INFO  AccountEditPage:106 - Sent data to the element: 213-233-3340
2022-05-02 01:05:321 INFO  AccountEditPage:108 - Sent data to the element: 213-233-7770
2022-05-02 01:05:427 INFO  JavaScriptHelper:50 - scroll to WebElement...
2022-05-02 01:05:35 INFO  AccountEditPage:76 - Waited and clicked on the element...
2022-05-02 01:05:36 INFO  AccountEditPage:77 - Returning new AccountPage... 
2022-05-02 01:05:141 INFO  AccountPage:125 - Waited and getting element text...
2022-05-02 01:05:514 INFO  AccountPage:54 - Wait ti click on the element...
2022-05-02 01:05:971 INFO  AccountPage:56 - return a new AccountLogoutPage...
2022-05-02 01:05:56 INFO  BasePage:793 - explicitWait Waiting for 15 SECONDS.....
2022-05-02 01:05:57 INFO  AccountLogoutPage:52 - Waiting for element to Displayed..
2022-05-02 01:05:266 INFO  BasePage:793 - explicitWait Waiting for 15 SECONDS.....
2022-05-02 01:05:634 INFO  AccountLogoutPage:44 - Wait ti click on the element...
2022-05-02 01:05:827 INFO  AccountLogoutPage:46 - Returning new IndexPage...
2022-05-02 01:05:563 INFO  TopNaviPage:79 - Waited and clicked on the element: Login or register
2022-05-02 01:05:702 INFO  TopNaviPage:81 - Waited for element on AccountLoginPage
2022-05-02 01:05:948 INFO  AccountLoginPage:144 - Waited and verify element is Displayed: I AM A NEW CUSTOMER.
2022-05-02 01:05:139 INFO  AccountLoginPage:134 - Waited and verify element is Displayed: I am a new customer.
2022-05-02 01:05:213 INFO  AccountLoginPage:70 - Sent data to the element: WrongLoginName
2022-05-02 01:05:293 INFO  AccountLoginPage:75 - Sent data to the element: Manchester1
2022-05-02 01:05:808 INFO  AccountLoginPage:86 - Waited and clicked on the element...
2022-05-02 01:05:24 INFO  AccountLoginPage:88 - Waited for element on AccountLoginPage : ×
Error: Incorrect login or password provided.
2022-05-02 01:05:64 INFO  AccountLoginPage:119 - Gotten element text...[[ChromeDriver: chrome on WINDOWS (4f3be11a07ca4967e515583430532cb4)] -> xpath: //*[@id="maincontainer"]/div/div/div/div[1]]
2022-05-02 01:05:193 INFO  AccountLoginPage:129 - Getting currentPageTitle...Account Login
2022-05-02 01:05:433 INFO  TopNaviPage:79 - Waited and clicked on the element: Login or register
2022-05-02 01:05:532 INFO  TopNaviPage:81 - Waited for element on AccountLoginPage
2022-05-02 01:05:709 INFO  AccountLoginPage:144 - Waited and verify element is Displayed: I AM A NEW CUSTOMER.
2022-05-02 01:05:857 INFO  AccountLoginPage:134 - Waited and verify element is Displayed: I am a new customer.
2022-05-02 01:05:929 INFO  AccountLoginPage:70 - Sent data to the element: datastudioplace
2022-05-02 01:05:130 INFO  AccountLoginPage:75 - Sent data to the element: WrongPassword
2022-05-02 01:05:582 INFO  AccountLoginPage:86 - Waited and clicked on the element...
2022-05-02 01:05:793 INFO  AccountLoginPage:88 - Waited for element on AccountLoginPage : ×
Error: Incorrect login or password provided.
2022-05-02 01:05:839 INFO  AccountLoginPage:119 - Gotten element text...[[ChromeDriver: chrome on WINDOWS (ebabacd51b32f1ad995452dd3da8c56d)] -> xpath: //*[@id="maincontainer"]/div/div/div/div[1]]
2022-05-02 01:05:958 INFO  AccountLoginPage:129 - Getting currentPageTitle...Account Login
2022-05-02 01:05:143 INFO  TopNaviPage:79 - Waited and clicked on the element: Login or register
2022-05-02 01:05:246 INFO  TopNaviPage:81 - Waited for element on AccountLoginPage
2022-05-02 01:05:425 INFO  AccountLoginPage:144 - Waited and verify element is Displayed: I AM A NEW CUSTOMER.
2022-05-02 01:05:582 INFO  AccountLoginPage:134 - Waited and verify element is Displayed: I am a new customer.
2022-05-02 01:05:647 INFO  AccountLoginPage:70 - Sent data to the element: WrongLoginName
2022-05-02 01:05:647 INFO  AccountLoginPage:75 - Sent data to the element: Manchester1
2022-05-02 01:05:72 INFO  AccountLoginPage:86 - Waited and clicked on the element...
2022-05-02 01:05:303 INFO  AccountLoginPage:88 - Waited for element on AccountLoginPage : ×
Error: Incorrect login or password provided.
2022-05-02 01:05:333 INFO  AccountLoginPage:119 - Gotten element text...[[ChromeDriver: chrome on WINDOWS (3a4808b533fff63e95daae576695c06b)] -> xpath: //*[@id="maincontainer"]/div/div/div/div[1]]
2022-05-02 01:05:440 INFO  AccountLoginPage:129 - Getting currentPageTitle...Account Login
2022-05-02 01:05:860 INFO  TopNaviPage:79 - Waited and clicked on the element: Login or register
2022-05-02 01:05:956 INFO  TopNaviPage:81 - Waited for element on AccountLoginPage
2022-05-02 01:05:111 INFO  AccountLoginPage:144 - Waited and verify element is Displayed: I AM A NEW CUSTOMER.
2022-05-02 01:05:249 INFO  AccountLoginPage:134 - Waited and verify element is Displayed: I am a new customer.
2022-05-02 01:05:314 INFO  AccountLoginPage:70 - Sent data to the element: datastudioplace
2022-05-02 01:05:462 INFO  AccountLoginPage:75 - Sent data to the element: WrongPassword
2022-05-02 01:05:578 INFO  AccountLoginPage:86 - Waited and clicked on the element...
2022-05-02 01:05:791 INFO  AccountLoginPage:88 - Waited for element on AccountLoginPage : ×
Error: Incorrect login or password provided.
2022-05-02 01:05:858 INFO  AccountLoginPage:119 - Gotten element text...[[ChromeDriver: chrome on WINDOWS (64149cba7b0ae24462ae8a6662d252f4)] -> xpath: //*[@id="maincontainer"]/div/div/div/div[1]]
2022-05-02 01:05:997 INFO  AccountLoginPage:129 - Getting currentPageTitle...Account Login
2022-05-02 01:05:28 INFO  TopNaviPage:79 - Waited and clicked on the element: Login or register
2022-05-02 01:05:137 INFO  TopNaviPage:81 - Waited for element on AccountLoginPage
2022-05-02 01:05:294 INFO  AccountLoginPage:144 - Waited and verify element is Displayed: I AM A NEW CUSTOMER.
2022-05-02 01:05:447 INFO  AccountLoginPage:134 - Waited and verify element is Displayed: I am a new customer.
2022-05-02 01:05:527 INFO  AccountLoginPage:70 - Sent data to the element: WrongLoginName
2022-05-02 01:05:467 INFO  AccountLoginPage:75 - Sent data to the element: WrongPassword
2022-05-02 01:05:480 INFO  AccountLoginPage:86 - Waited and clicked on the element...
2022-05-02 01:05:691 INFO  AccountLoginPage:88 - Waited for element on AccountLoginPage : ×
Error: Incorrect login or password provided.
2022-05-02 01:05:721 INFO  AccountLoginPage:119 - Gotten element text...[[ChromeDriver: chrome on WINDOWS (dfca61007559d2a9636e9380e0f8c77a)] -> xpath: //*[@id="maincontainer"]/div/div/div/div[1]]
2022-05-02 01:05:857 INFO  AccountLoginPage:129 - Getting currentPageTitle...Account Login
2022-05-02 01:05:642 INFO  TopNaviPage:79 - Waited and clicked on the element: Login or register
2022-05-02 01:05:748 INFO  TopNaviPage:81 - Waited for element on AccountLoginPage
2022-05-02 01:05:917 INFO  AccountLoginPage:144 - Waited and verify element is Displayed: I AM A NEW CUSTOMER.
2022-05-02 01:05:60 INFO  AccountLoginPage:134 - Waited and verify element is Displayed: I am a new customer.
2022-05-02 01:05:126 INFO  AccountLoginPage:70 - Sent data to the element: 
2022-05-02 01:05:882 INFO  AccountLoginPage:75 - Sent data to the element: 
2022-05-02 01:05:377 INFO  AccountLoginPage:86 - Waited and clicked on the element...
2022-05-02 01:05:587 INFO  AccountLoginPage:88 - Waited for element on AccountLoginPage : ×
Error: Incorrect login or password provided.
2022-05-02 01:05:653 INFO  AccountLoginPage:119 - Gotten element text...[[ChromeDriver: chrome on WINDOWS (249552bb7df02f62dac712baca7814c2)] -> xpath: //*[@id="maincontainer"]/div/div/div/div[1]]
2022-05-02 01:05:773 INFO  AccountLoginPage:129 - Getting currentPageTitle...Account Login
2022-05-02 01:05:123 INFO  TopNaviPage:79 - Waited and clicked on the element: Login or register
2022-05-02 01:05:226 INFO  TopNaviPage:81 - Waited for element on AccountLoginPage
2022-05-02 01:05:395 INFO  AccountLoginPage:144 - Waited and verify element is Displayed: I AM A NEW CUSTOMER.
2022-05-02 01:05:536 INFO  AccountLoginPage:134 - Waited and verify element is Displayed: I am a new customer.
2022-05-02 01:05:601 INFO  AccountLoginPage:70 - Sent data to the element: datastudioplace
2022-05-02 01:05:498 INFO  AccountLoginPage:75 - Sent data to the element: 
2022-05-02 01:05:943 INFO  AccountLoginPage:86 - Waited and clicked on the element...
2022-05-02 01:05:132 INFO  AccountLoginPage:88 - Waited for element on AccountLoginPage : ×
Error: Incorrect login or password provided.
2022-05-02 01:05:169 INFO  AccountLoginPage:119 - Gotten element text...[[ChromeDriver: chrome on WINDOWS (3ee233e17924d5ee4f89ae61ca574963)] -> xpath: //*[@id="maincontainer"]/div/div/div/div[1]]
2022-05-02 01:05:289 INFO  AccountLoginPage:129 - Getting currentPageTitle...Account Login
2022-05-02 01:05:492 INFO  TopNaviPage:79 - Waited and clicked on the element: Login or register
2022-05-02 01:05:585 INFO  TopNaviPage:81 - Waited for element on AccountLoginPage
2022-05-02 01:05:750 INFO  AccountLoginPage:144 - Waited and verify element is Displayed: I AM A NEW CUSTOMER.
2022-05-02 01:05:893 INFO  AccountLoginPage:134 - Waited and verify element is Displayed: I am a new customer.
2022-05-02 01:05:958 INFO  AccountLoginPage:70 - Sent data to the element: 
2022-05-02 01:05:871 INFO  AccountLoginPage:75 - Sent data to the element: Manchester1
2022-05-02 01:05:606 INFO  AccountLoginPage:86 - Waited and clicked on the element...
2022-05-02 01:05:827 INFO  AccountLoginPage:88 - Waited for element on AccountLoginPage : ×
Error: Incorrect login or password provided.
2022-05-02 01:05:868 INFO  AccountLoginPage:119 - Gotten element text...[[ChromeDriver: chrome on WINDOWS (de37c4fc6c57800d1cb269539c2e353b)] -> xpath: //*[@id="maincontainer"]/div/div/div/div[1]]
2022-05-02 01:05:974 INFO  AccountLoginPage:129 - Getting currentPageTitle...Account Login
2022-05-02 01:05:834 INFO  TopNaviPage:79 - Waited and clicked on the element: Login or register
2022-05-02 01:05:965 INFO  TopNaviPage:81 - Waited for element on AccountLoginPage
2022-05-02 01:05:137 INFO  AccountLoginPage:144 - Waited and verify element is Displayed: I AM A NEW CUSTOMER.
2022-05-02 01:05:279 INFO  AccountLoginPage:134 - Waited and verify element is Displayed: I am a new customer.
2022-05-02 01:05:432 INFO  AccountLoginPage:70 - Sent data to the element: datastudioplace
2022-05-02 01:05:350 INFO  AccountLoginPage:75 - Sent data to the element: Manchester1
2022-05-02 01:05:483 INFO  AccountLoginPage:79 - Waited and clicked on the element...
2022-05-02 01:05:559 INFO  AccountLoginPage:81 - Returning to new AccountPage.welcomeBackTxt
2022-05-02 01:05:773 INFO  AccountPage:101 - The element is Displayed as: <Welcome back firstnames>
2022-05-02 01:05:970 INFO  AccountPage:118 - Waited and clicked on the element...
2022-05-02 01:05:972 INFO  AccountPage:119 - return new AccountEditPage.... 
2022-05-02 01:05:513 INFO  AccountEditPage:100 - Sent data to the element: firstnames
2022-05-02 01:05:981 INFO  AccountEditPage:102 - Sent data to the element: loginnames
2022-05-02 01:05:18 INFO  AccountEditPage:55 - Successfully Sent the following keys: '1651426153824@gmail.com' to element: <[[ChromeDriver: chrome on WINDOWS (20d6fe5e27523caa1cd2924c7d9c680d)] -> id: AccountFrm_email]>
2022-05-02 01:05:598 INFO  AccountEditPage:104 - Sent generated Email to the element...
2022-05-02 01:05:93 INFO  AccountEditPage:106 - Sent data to the element: 213-233-3340
2022-05-02 01:05:579 INFO  AccountEditPage:108 - Sent data to the element: 213-233-7770
2022-05-02 01:05:671 INFO  JavaScriptHelper:50 - scroll to WebElement...
2022-05-02 01:05:199 INFO  AccountEditPage:76 - Waited and clicked on the element...
2022-05-02 01:05:201 INFO  AccountEditPage:77 - Returning new AccountPage... 
2022-05-02 01:05:278 INFO  AccountPage:125 - Waited and getting element text...
2022-05-02 01:05:632 INFO  AccountPage:54 - Wait ti click on the element...
2022-05-02 01:05:124 INFO  AccountPage:56 - return a new AccountLogoutPage...
2022-05-02 01:05:196 INFO  BasePage:793 - explicitWait Waiting for 15 SECONDS.....
2022-05-02 01:05:197 INFO  AccountLogoutPage:52 - Waiting for element to Displayed..
2022-05-02 01:05:378 INFO  BasePage:793 - explicitWait Waiting for 15 SECONDS.....
2022-05-02 01:05:623 INFO  AccountLogoutPage:44 - Wait ti click on the element...
2022-05-02 01:05:990 INFO  AccountLogoutPage:46 - Returning new IndexPage...
2022-05-02 01:05:963 INFO  TopNaviPage:79 - Waited and clicked on the element: Login or register
2022-05-02 01:05:62 INFO  TopNaviPage:81 - Waited for element on AccountLoginPage
2022-05-02 01:05:229 INFO  AccountLoginPage:144 - Waited and verify element is Displayed: I AM A NEW CUSTOMER.
2022-05-02 01:05:363 INFO  AccountLoginPage:134 - Waited and verify element is Displayed: I am a new customer.
2022-05-02 01:05:574 INFO  AccountLoginPage:139 - Waited and verify element is Displayed:  Register Account  
2022-05-02 01:05:707 INFO  AccountLoginPage:150 - Waited and clicked on the element...
2022-05-02 01:05:102 INFO  AccountLoginPage:153 - clicked and waited for element on returning to AccountSuccessPage...
2022-05-02 01:05:352 INFO  BasePage:776 - FluentWait Waiting for 20 SECONDS.....
2022-05-02 01:05:354 INFO  AccountCreatePage:143 - getting the element text...
2022-05-02 01:05:447 INFO  AccountCreatePage:152 - getting the element text => <yourPersonalDetailsTxt>
2022-05-02 01:05:577 INFO  AccountCreatePage:157 - Entered text :FirstName
2022-05-02 01:05:57 INFO  AccountCreatePage:162 - Entered text :LastName
2022-05-02 01:05:13 INFO  AccountCreatePage:172 - Entered text :07400000000
2022-05-02 01:05:53 INFO  AccountCreatePage:177 - Entered text :07400000001
2022-05-02 01:05:58 INFO  AccountCreatePage:194 - get Your Address Txt...
2022-05-02 01:05:681 INFO  AccountCreatePage:199 - Entered text :YourCompanyName
2022-05-02 01:05:114 INFO  AccountCreatePage:203 - Entered text :yourAddress1
2022-05-02 01:05:641 INFO  AccountCreatePage:207 - Entered text :yourAddress2
2022-05-02 01:05:144 INFO  AccountCreatePage:211 - Entered text :yourCity
2022-05-02 01:05:523 INFO  AccountCreatePage:216 - Selected Visible Tex :Lancashire
2022-05-02 01:05:99 INFO  AccountCreatePage:220 - Entered text :M11 IPT
2022-05-02 01:05:275 INFO  AccountCreatePage:225 - Selected Visible Text :United Kingdom
2022-05-02 01:05:278 INFO  AccountCreatePage:228 - getting Your Address Txt...
2022-05-02 01:05:385 INFO  AccountCreatePage:234 - Entered generated Random loginName.... 
2022-05-02 01:05:984 INFO  AccountCreatePage:238 - Entered password text :Password@123
2022-05-02 01:05:513 INFO  AccountCreatePage:242 - Entered Confirm password text :Password@123
2022-05-02 01:05:864 INFO  AccountCreatePage:253 - Waited and clicked on the element: 
2022-05-02 01:05:314 INFO  AccountCreatePage:269 - Waited and clicked on the element: 
2022-05-02 01:05:92 INFO  AccountCreatePage:280 - Waited for element on AccountSuccessPage : YOUR ACCOUNT HAS BEEN CREATED!
2022-05-02 01:05:186 INFO  AccountSuccessPage:38 - Waiting and getting element text...YOUR ACCOUNT HAS BEEN CREATED!
2022-05-02 01:05:391 INFO  BasePage:776 - FluentWait Waiting for 20 SECONDS.....
2022-05-02 01:05:433 INFO  AccountSuccessPage:43 - Waited and getting element text...YOUR ACCOUNT HAS BEEN CREATED!
2022-05-02 01:05:478 INFO  AccountSuccessPage:49 - Waiting to click on the element...
2022-05-02 01:05:479 INFO  AccountSuccessPage:50 - Clicked and returning new IndexPage...
2022-05-02 01:05:494 INFO  AccountPage:101 - The element is Displayed as: <Welcome back FirstName>
2022-05-02 01:05:274 INFO  AccountPage:113 - Waited and clicked on the element...
2022-05-02 01:05:379 INFO  BasePage:793 - explicitWait Waiting for 15 SECONDS.....
2022-05-02 01:05:380 INFO  AccountLogoutPage:52 - Waiting for element to Displayed..
2022-05-02 01:05:579 INFO  BasePage:793 - explicitWait Waiting for 15 SECONDS.....
2022-05-02 01:05:993 INFO  AccountLogoutPage:44 - Wait ti click on the element...
2022-05-02 01:05:235 INFO  AccountLogoutPage:46 - Returning new IndexPage...
2022-05-02 01:05:841 INFO  BasePage:35 - click on ""
2022-05-02 01:05:278 INFO  TopNaviPage:99 - Sent keyword data to element:
2022-05-02 01:05:250 INFO  TopNaviPage:103 - Waited and clicked on the element: 
2022-05-02 01:05:252 INFO  TopNaviPage:104 - Returning to new SearchResultPage
2022-05-02 01:05:13 INFO  BasePage:51 - Successfully Found element: SHOPPING CART
2022-05-02 01:05:173 INFO  BasePage:69 - The element is Displayed...: SHOPPING CART
2022-05-02 01:05:402 INFO  BasePage:51 - Successfully Found element: 
2022-05-02 01:05:489 INFO  BasePage:105 - The element is Enabled...: 
2022-05-02 01:05:873 INFO  BasePage:35 - click on ""
2022-05-02 01:05:259 INFO  BasePage:125 - Entered text :4
2022-05-02 01:05:261 INFO  BasePage:134 - Successfully entered value...: 4
2022-05-02 01:05:234 INFO  CheckoutCartPage:130 - Your Shopping Cart Is Empty and Displayed...
2022-05-02 01:05:462 INFO  BasePage:51 - Successfully Found element: Your shopping cart is empty!
Continue
2022-05-02 01:05:620 INFO  BasePage:69 - The element is Displayed...: Your shopping cart is empty!
Continue
2022-05-02 01:05:27 INFO  BasePage:35 - click on ""
2022-05-02 01:05:387 INFO  TopNaviPage:99 - Sent keyword data to element:
2022-05-02 01:05:953 INFO  TopNaviPage:103 - Waited and clicked on the element: 
2022-05-02 01:05:954 INFO  TopNaviPage:104 - Returning to new SearchResultPage
2022-05-02 01:05:158 INFO  BasePage:35 - click on ""
2022-05-02 01:05:531 INFO  BasePage:125 - Entered text :6
2022-05-02 01:05:532 INFO  BasePage:134 - Successfully entered value...: 6
2022-05-02 01:05:30 INFO  BasePage:51 - Successfully Found element: 
2022-05-02 01:05:170 INFO  BasePage:69 - The element is Displayed...: 
2022-05-02 01:05:08 INFO  AccountLoginPage:144 - Waited and verify element is Displayed: I AM A NEW CUSTOMER.
2022-05-02 01:05:173 INFO  AccountLoginPage:134 - Waited and verify element is Displayed: I am a new customer.
2022-05-02 01:05:288 INFO  AccountLoginPage:70 - Sent data to the element: datastudioplace
2022-05-02 01:05:244 INFO  AccountLoginPage:75 - Sent data to the element: Manchester1
2022-05-02 01:05:897 INFO  AccountLoginPage:79 - Waited and clicked on the element...
2022-05-02 01:05:966 INFO  AccountLoginPage:81 - Returning to new AccountPage.welcomeBackTxt
